#
# There is insufficient memory for the Java Runtime Environment to continue.
# Native memory allocation (mmap) failed to map 19922944 bytes for Failed to commit area from 0x00000000aa600000 to 0x00000000ab900000 of length 19922944.
# Possible reasons:
#   The system is out of physical RAM or swap space
#   The process is running with CompressedOops enabled, and the Java Heap may be blocking the growth of the native heap
# Possible solutions:
#   Reduce memory load on the system
#   Increase physical memory or swap space
#   Check if swap backing store is full
#   Decrease Java heap size (-Xmx/-Xms)
#   Decrease number of Java threads
#   Decrease Java thread stack sizes (-Xss)
#   Set larger code cache with -XX:ReservedCodeCacheSize=
#   JVM is running with Unscaled Compressed Oops mode in which the Java heap is
#     placed in the first 4GB address space. The Java Heap base address is the
#     maximum limit for the native heap growth. Please use -XX:HeapBaseMinAddress
#     to set the Java Heap base and to place the Java Heap above 4GB virtual address.
# This output file may be truncated or incomplete.
#
#  Out of Memory Error (./open/src/hotspot/os/windows/os_windows.cpp:3276), pid=8632, tid=4868
#
# JRE version: Java(TM) SE Runtime Environment 18.9 (11.0.13+10) (build 11.0.13+10-LTS-370)
# Java VM: Java HotSpot(TM) 64-Bit Server VM 18.9 (11.0.13+10-LTS-370, mixed mode, tiered, compressed oops, g1 gc, windows-amd64)
# No core dump will be written. Minidumps are not enabled by default on client versions of Windows
#

---------------  S U M M A R Y ------------

Command Line: -XX:TieredStopAtLevel=1 -Xverify:none -Dspring.output.ansi.enabled=always -Dcom.sun.management.jmxremote -Dspring.jmx.enabled=true -Dspring.liveBeansView.mbeanDomain -Dspring.application.admin.enabled=true -javaagent:C:\Program Files\JetBrains\IntelliJ IDEA 2021.3.1\lib\idea_rt.jar=50735:C:\Program Files\JetBrains\IntelliJ IDEA 2021.3.1\bin -Dfile.encoding=UTF-8 com.example.demo.DemoApplication

Host: Intel(R) Celeron(R) CPU B820 @ 1.70GHz, 2 cores, 5G,  Windows 10 , 64 bit Build 22454 (10.0.22454.1000)
Time: Fri Jan 14 22:50:34 2022 Pacific Standard Time elapsed time: 4.930306 seconds (0d 0h 0m 4s)

---------------  T H R E A D  ---------------

Current thread (0x000001ebb0507000):  VMThread "VM Thread" [stack: 0x0000007c81200000,0x0000007c81300000] [id=4868]

Stack: [0x0000007c81200000,0x0000007c81300000]
[error occurred during error reporting (printing stack bounds), id 0xc0000005, EXCEPTION_ACCESS_VIOLATION (0xc0000005) at pc=0x000001eb9bf10f3d]

Native frames: (J=compiled Java code, j=interpreted, Vv=VM code, C=native code)
V  [jvm.dll+0x62870a]
V  [jvm.dll+0x761f2f]
V  [jvm.dll+0x7635d9]
V  [jvm.dll+0x763bc5]
V  [jvm.dll+0x763b7b]
V  [jvm.dll+0x627c53]
V  [jvm.dll+0x628308]
C  [ntdll.dll+0xaa94f]
C  [ntdll.dll+0x361aa]
C  [ntdll.dll+0xa993e]
C  0x000001eb9bf10f3d

VM_Operation (0x0000007c821fd170): G1CollectForAllocation, mode: safepoint, requested by thread 0x000001ebb1aac800


---------------  P R O C E S S  ---------------

Threads class SMR info:
_java_thread_list=0x000001ebb279c870, length=14, elements={
0x000001eb948ec000, 0x000001ebb053f000, 0x000001ebb0541000, 0x000001ebb059a800,
0x000001ebb059b800, 0x000001ebb059e800, 0x000001ebb05a0000, 0x000001ebb05a3800,
0x000001ebb04d4000, 0x000001ebb134f800, 0x000001ebb1530800, 0x000001ebb1639000,
0x000001ebb17c0800, 0x000001ebb1aac800
}

Java Threads: ( => current thread )
  0x000001eb948ec000 JavaThread "main" [_thread_blocked, id=6356, stack(0x0000007c80c00000,0x0000007c80d00000)]
  0x000001ebb053f000 JavaThread "Reference Handler" daemon [_thread_blocked, id=1588, stack(0x0000007c81300000,0x0000007c81400000)]
  0x000001ebb0541000 JavaThread "Finalizer" daemon [_thread_blocked, id=7372, stack(0x0000007c81400000,0x0000007c81500000)]
  0x000001ebb059a800 JavaThread "Signal Dispatcher" daemon [_thread_blocked, id=8712, stack(0x0000007c81500000,0x0000007c81600000)]
  0x000001ebb059b800 JavaThread "Attach Listener" daemon [_thread_blocked, id=1056, stack(0x0000007c81600000,0x0000007c81700000)]
  0x000001ebb059e800 JavaThread "Service Thread" daemon [_thread_blocked, id=8216, stack(0x0000007c81700000,0x0000007c81800000)]
  0x000001ebb05a0000 JavaThread "C1 CompilerThread0" daemon [_thread_blocked, id=8312, stack(0x0000007c81800000,0x0000007c81900000)]
  0x000001ebb05a3800 JavaThread "Sweeper thread" daemon [_thread_blocked, id=7272, stack(0x0000007c81900000,0x0000007c81a00000)]
  0x000001ebb04d4000 JavaThread "Common-Cleaner" daemon [_thread_blocked, id=6608, stack(0x0000007c81a00000,0x0000007c81b00000)]
  0x000001ebb134f800 JavaThread "Monitor Ctrl-Break" daemon [_thread_in_native, id=3924, stack(0x0000007c81b00000,0x0000007c81c00000)]
  0x000001ebb1530800 JavaThread "RMI TCP Accept-0" daemon [_thread_in_native, id=3944, stack(0x0000007c81d00000,0x0000007c81e00000)]
  0x000001ebb1639000 JavaThread "RMI TCP Connection(1)-127.0.0.1" daemon [_thread_blocked, id=7508, stack(0x0000007c82000000,0x0000007c82100000)]
  0x000001ebb17c0800 JavaThread "RMI Scheduler(0)" daemon [_thread_blocked, id=1612, stack(0x0000007c81f00000,0x0000007c82000000)]
  0x000001ebb1aac800 JavaThread "background-preinit" [_thread_blocked, id=952, stack(0x0000007c82100000,0x0000007c82200000)]

Other Threads:
=>0x000001ebb0507000 VMThread "VM Thread" [stack: 0x0000007c81200000,0x0000007c81300000] [id=4868]
  0x000001ebb1543800 WatcherThread [stack: 0x0000007c81e00000,0x0000007c81f00000] [id=8364]
  0x000001eb94901800 GCTaskThread "GC Thread#0" [stack: 0x0000007c80d00000,0x0000007c80e00000] [id=5916]
  0x000001ebb14d8800 GCTaskThread "GC Thread#1" [stack: 0x0000007c81c00000,0x0000007c81d00000] [id=9020]
  0x000001eb94924800 ConcurrentGCThread "G1 Main Marker" [stack: 0x0000007c80e00000,0x0000007c80f00000] [id=8984]
  0x000001eb94926800 ConcurrentGCThread "G1 Conc#0" [stack: 0x0000007c80f00000,0x0000007c81000000] [id=1556]
  0x000001eb94983800 ConcurrentGCThread "G1 Refine#0" [stack: 0x0000007c81000000,0x0000007c81100000] [id=6616]
  0x000001eb94984800 ConcurrentGCThread "G1 Young RemSet Sampling" [stack: 0x0000007c81100000,0x0000007c81200000] [id=6168]

Threads with active compile tasks:

VM state:at safepoint (normal execution)

VM Mutex/Monitor currently owned by a thread:  ([mutex/lock_event])
[0x000001eb948e7af0] Threads_lock - owner thread: 0x000001ebb0507000
[0x000001eb948e81b0] Heap_lock - owner thread: 0x000001ebb1aac800

Heap address: 0x00000000a4a00000, size: 1462 MB, Compressed Oops mode: 32-bit
Narrow klass base: 0x0000000000000000, Narrow klass shift: 3
Compressed class space size: 1073741824 Address: 0x0000000100000000

Heap:
 garbage-first heap   total 113664K, used 8701K [0x00000000a4a00000, 0x0000000100000000)
  region size 1024K, 2 young (2048K), 2 survivors (2048K)
 Metaspace       used 19100K, capacity 19762K, committed 19968K, reserved 1067008K
  class space    used 2263K, capacity 2546K, committed 2560K, reserved 1048576K
Heap Regions: E=young(eden), S=young(survivor), O=old, HS=humongous(starts), HC=humongous(continues), CS=collection set, F=free, A=archive, TAMS=top-at-mark-start (previous, next)
|   0|0x00000000a4a00000, 0x00000000a4b00000, 0x00000000a4b00000|100%|HS|  |TAMS 0x00000000a4a00000, 0x00000000a4a00000| Complete 
|   1|0x00000000a4b00000, 0x00000000a4c00000, 0x00000000a4c00000|100%| O|  |TAMS 0x00000000a4b00000, 0x00000000a4b00000| Untracked 
|   2|0x00000000a4c00000, 0x00000000a4d00000, 0x00000000a4d00000|100%| O|  |TAMS 0x00000000a4c00000, 0x00000000a4c00000| Untracked 
|   3|0x00000000a4d00000, 0x00000000a4e00000, 0x00000000a4e00000|100%| O|  |TAMS 0x00000000a4d00000, 0x00000000a4d00000| Untracked 
|   4|0x00000000a4e00000, 0x00000000a4f00000, 0x00000000a4f00000|100%| O|  |TAMS 0x00000000a4e00000, 0x00000000a4e00000| Untracked 
|   5|0x00000000a4f00000, 0x00000000a5000000, 0x00000000a5000000|100%| O|  |TAMS 0x00000000a4f00000, 0x00000000a4f00000| Untracked 
|   6|0x00000000a5000000, 0x00000000a50ada00, 0x00000000a5100000| 67%| O|  |TAMS 0x00000000a5000000, 0x00000000a5000000| Untracked 
|   7|0x00000000a5100000, 0x00000000a5100000, 0x00000000a5200000|  0%| F|  |TAMS 0x00000000a5100000, 0x00000000a5100000| Untracked 
|   8|0x00000000a5200000, 0x00000000a5200000, 0x00000000a5300000|  0%| F|  |TAMS 0x00000000a5200000, 0x00000000a5200000| Untracked 
|   9|0x00000000a5300000, 0x00000000a5300000, 0x00000000a5400000|  0%| F|  |TAMS 0x00000000a5300000, 0x00000000a5300000| Untracked 
|  10|0x00000000a5400000, 0x00000000a5400000, 0x00000000a5500000|  0%| F|  |TAMS 0x00000000a5400000, 0x00000000a5400000| Untracked 
|  11|0x00000000a5500000, 0x00000000a5500000, 0x00000000a5600000|  0%| F|  |TAMS 0x00000000a5500000, 0x00000000a5500000| Untracked 
|  12|0x00000000a5600000, 0x00000000a5600000, 0x00000000a5700000|  0%| F|  |TAMS 0x00000000a5600000, 0x00000000a5600000| Untracked 
|  13|0x00000000a5700000, 0x00000000a5700000, 0x00000000a5800000|  0%| F|  |TAMS 0x00000000a5700000, 0x00000000a5700000| Untracked 
|  14|0x00000000a5800000, 0x00000000a5800000, 0x00000000a5900000|  0%| F|  |TAMS 0x00000000a5800000, 0x00000000a5800000| Untracked 
|  15|0x00000000a5900000, 0x00000000a5900000, 0x00000000a5a00000|  0%| F|  |TAMS 0x00000000a5900000, 0x00000000a5900000| Untracked 
|  16|0x00000000a5a00000, 0x00000000a5a00000, 0x00000000a5b00000|  0%| F|  |TAMS 0x00000000a5a00000, 0x00000000a5a00000| Untracked 
|  17|0x00000000a5b00000, 0x00000000a5b00000, 0x00000000a5c00000|  0%| F|  |TAMS 0x00000000a5b00000, 0x00000000a5b00000| Untracked 
|  18|0x00000000a5c00000, 0x00000000a5c00000, 0x00000000a5d00000|  0%| F|  |TAMS 0x00000000a5c00000, 0x00000000a5c00000| Untracked 
|  19|0x00000000a5d00000, 0x00000000a5d00000, 0x00000000a5e00000|  0%| F|  |TAMS 0x00000000a5d00000, 0x00000000a5d00000| Untracked 
|  20|0x00000000a5e00000, 0x00000000a5e00000, 0x00000000a5f00000|  0%| F|  |TAMS 0x00000000a5e00000, 0x00000000a5e00000| Untracked 
|  21|0x00000000a5f00000, 0x00000000a5f00000, 0x00000000a6000000|  0%| F|  |TAMS 0x00000000a5f00000, 0x00000000a5f00000| Untracked 
|  22|0x00000000a6000000, 0x00000000a6000000, 0x00000000a6100000|  0%| F|  |TAMS 0x00000000a6000000, 0x00000000a6000000| Untracked 
|  23|0x00000000a6100000, 0x00000000a6100000, 0x00000000a6200000|  0%| F|  |TAMS 0x00000000a6100000, 0x00000000a6100000| Untracked 
|  24|0x00000000a6200000, 0x00000000a6200000, 0x00000000a6300000|  0%| F|  |TAMS 0x00000000a6200000, 0x00000000a6200000| Untracked 
|  25|0x00000000a6300000, 0x00000000a6300000, 0x00000000a6400000|  0%| F|  |TAMS 0x00000000a6300000, 0x00000000a6300000| Untracked 
|  26|0x00000000a6400000, 0x00000000a6400000, 0x00000000a6500000|  0%| F|  |TAMS 0x00000000a6400000, 0x00000000a6400000| Untracked 
|  27|0x00000000a6500000, 0x00000000a6500000, 0x00000000a6600000|  0%| F|  |TAMS 0x00000000a6500000, 0x00000000a6500000| Untracked 
|  28|0x00000000a6600000, 0x00000000a6600000, 0x00000000a6700000|  0%| F|  |TAMS 0x00000000a6600000, 0x00000000a6600000| Untracked 
|  29|0x00000000a6700000, 0x00000000a6700000, 0x00000000a6800000|  0%| F|  |TAMS 0x00000000a6700000, 0x00000000a6700000| Untracked 
|  30|0x00000000a6800000, 0x00000000a6800000, 0x00000000a6900000|  0%| F|  |TAMS 0x00000000a6800000, 0x00000000a6800000| Untracked 
|  31|0x00000000a6900000, 0x00000000a6900000, 0x00000000a6a00000|  0%| F|  |TAMS 0x00000000a6900000, 0x00000000a6900000| Untracked 
|  32|0x00000000a6a00000, 0x00000000a6a00000, 0x00000000a6b00000|  0%| F|  |TAMS 0x00000000a6a00000, 0x00000000a6a00000| Untracked 
|  33|0x00000000a6b00000, 0x00000000a6b00000, 0x00000000a6c00000|  0%| F|  |TAMS 0x00000000a6b00000, 0x00000000a6b00000| Untracked 
|  34|0x00000000a6c00000, 0x00000000a6c00000, 0x00000000a6d00000|  0%| F|  |TAMS 0x00000000a6c00000, 0x00000000a6c00000| Untracked 
|  35|0x00000000a6d00000, 0x00000000a6d00000, 0x00000000a6e00000|  0%| F|  |TAMS 0x00000000a6d00000, 0x00000000a6d00000| Untracked 
|  36|0x00000000a6e00000, 0x00000000a6e00000, 0x00000000a6f00000|  0%| F|  |TAMS 0x00000000a6e00000, 0x00000000a6e00000| Untracked 
|  37|0x00000000a6f00000, 0x00000000a6f00000, 0x00000000a7000000|  0%| F|  |TAMS 0x00000000a6f00000, 0x00000000a6f00000| Untracked 
|  38|0x00000000a7000000, 0x00000000a7000000, 0x00000000a7100000|  0%| F|  |TAMS 0x00000000a7000000, 0x00000000a7000000| Untracked 
|  39|0x00000000a7100000, 0x00000000a7100000, 0x00000000a7200000|  0%| F|  |TAMS 0x00000000a7100000, 0x00000000a7100000| Untracked 
|  40|0x00000000a7200000, 0x00000000a7200000, 0x00000000a7300000|  0%| F|  |TAMS 0x00000000a7200000, 0x00000000a7200000| Untracked 
|  41|0x00000000a7300000, 0x00000000a7300000, 0x00000000a7400000|  0%| F|  |TAMS 0x00000000a7300000, 0x00000000a7300000| Untracked 
|  42|0x00000000a7400000, 0x00000000a7400000, 0x00000000a7500000|  0%| F|  |TAMS 0x00000000a7400000, 0x00000000a7400000| Untracked 
|  43|0x00000000a7500000, 0x00000000a7500000, 0x00000000a7600000|  0%| F|  |TAMS 0x00000000a7500000, 0x00000000a7500000| Untracked 
|  44|0x00000000a7600000, 0x00000000a7600000, 0x00000000a7700000|  0%| F|  |TAMS 0x00000000a7600000, 0x00000000a7600000| Untracked 
|  45|0x00000000a7700000, 0x00000000a7700000, 0x00000000a7800000|  0%| F|  |TAMS 0x00000000a7700000, 0x00000000a7700000| Untracked 
|  46|0x00000000a7800000, 0x00000000a7800000, 0x00000000a7900000|  0%| F|  |TAMS 0x00000000a7800000, 0x00000000a7800000| Untracked 
|  47|0x00000000a7900000, 0x00000000a7900000, 0x00000000a7a00000|  0%| F|  |TAMS 0x00000000a7900000, 0x00000000a7900000| Untracked 
|  48|0x00000000a7a00000, 0x00000000a7a00000, 0x00000000a7b00000|  0%| F|  |TAMS 0x00000000a7a00000, 0x00000000a7a00000| Untracked 
|  49|0x00000000a7b00000, 0x00000000a7b00000, 0x00000000a7c00000|  0%| F|  |TAMS 0x00000000a7b00000, 0x00000000a7b00000| Untracked 
|  50|0x00000000a7c00000, 0x00000000a7c00000, 0x00000000a7d00000|  0%| F|  |TAMS 0x00000000a7c00000, 0x00000000a7c00000| Untracked 
|  51|0x00000000a7d00000, 0x00000000a7d00000, 0x00000000a7e00000|  0%| F|  |TAMS 0x00000000a7d00000, 0x00000000a7d00000| Untracked 
|  52|0x00000000a7e00000, 0x00000000a7e00000, 0x00000000a7f00000|  0%| F|  |TAMS 0x00000000a7e00000, 0x00000000a7e00000| Untracked 
|  53|0x00000000a7f00000, 0x00000000a7f00000, 0x00000000a8000000|  0%| F|  |TAMS 0x00000000a7f00000, 0x00000000a7f00000| Untracked 
|  54|0x00000000a8000000, 0x00000000a8000000, 0x00000000a8100000|  0%| F|  |TAMS 0x00000000a8000000, 0x00000000a8000000| Untracked 
|  55|0x00000000a8100000, 0x00000000a8100000, 0x00000000a8200000|  0%| F|  |TAMS 0x00000000a8100000, 0x00000000a8100000| Untracked 
|  56|0x00000000a8200000, 0x00000000a8200000, 0x00000000a8300000|  0%| F|  |TAMS 0x00000000a8200000, 0x00000000a8200000| Untracked 
|  57|0x00000000a8300000, 0x00000000a8300000, 0x00000000a8400000|  0%| F|  |TAMS 0x00000000a8300000, 0x00000000a8300000| Untracked 
|  58|0x00000000a8400000, 0x00000000a8400000, 0x00000000a8500000|  0%| F|  |TAMS 0x00000000a8400000, 0x00000000a8400000| Untracked 
|  59|0x00000000a8500000, 0x00000000a8500000, 0x00000000a8600000|  0%| F|  |TAMS 0x00000000a8500000, 0x00000000a8500000| Untracked 
|  60|0x00000000a8600000, 0x00000000a8600000, 0x00000000a8700000|  0%| F|  |TAMS 0x00000000a8600000, 0x00000000a8600000| Untracked 
|  61|0x00000000a8700000, 0x00000000a8700000, 0x00000000a8800000|  0%| F|  |TAMS 0x00000000a8700000, 0x00000000a8700000| Untracked 
|  62|0x00000000a8800000, 0x00000000a8800000, 0x00000000a8900000|  0%| F|  |TAMS 0x00000000a8800000, 0x00000000a8800000| Untracked 
|  63|0x00000000a8900000, 0x00000000a8900000, 0x00000000a8a00000|  0%| F|  |TAMS 0x00000000a8900000, 0x00000000a8900000| Untracked 
|  64|0x00000000a8a00000, 0x00000000a8a00000, 0x00000000a8b00000|  0%| F|  |TAMS 0x00000000a8a00000, 0x00000000a8a00000| Untracked 
|  65|0x00000000a8b00000, 0x00000000a8b00000, 0x00000000a8c00000|  0%| F|  |TAMS 0x00000000a8b00000, 0x00000000a8b00000| Untracked 
|  66|0x00000000a8c00000, 0x00000000a8c00000, 0x00000000a8d00000|  0%| F|  |TAMS 0x00000000a8c00000, 0x00000000a8c00000| Untracked 
|  67|0x00000000a8d00000, 0x00000000a8d00000, 0x00000000a8e00000|  0%| F|  |TAMS 0x00000000a8d00000, 0x00000000a8d00000| Untracked 
|  68|0x00000000a8e00000, 0x00000000a8ed1d00, 0x00000000a8f00000| 81%| S|CS|TAMS 0x00000000a8e00000, 0x00000000a8e00000| Complete 
|  69|0x00000000a8f00000, 0x00000000a9000000, 0x00000000a9000000|100%| S|CS|TAMS 0x00000000a8f00000, 0x00000000a8f00000| Complete 
|  70|0x00000000a9000000, 0x00000000a9000000, 0x00000000a9100000|  0%| F|  |TAMS 0x00000000a9000000, 0x00000000a9000000| Untracked 
|  71|0x00000000a9100000, 0x00000000a9100000, 0x00000000a9200000|  0%| F|  |TAMS 0x00000000a9100000, 0x00000000a9100000| Untracked 
|  72|0x00000000a9200000, 0x00000000a9200000, 0x00000000a9300000|  0%| F|  |TAMS 0x00000000a9200000, 0x00000000a9200000| Untracked 
|  73|0x00000000a9300000, 0x00000000a9300000, 0x00000000a9400000|  0%| F|  |TAMS 0x00000000a9300000, 0x00000000a9300000| Untracked 
|  74|0x00000000a9400000, 0x00000000a9400000, 0x00000000a9500000|  0%| F|  |TAMS 0x00000000a9400000, 0x00000000a9400000| Untracked 
|  75|0x00000000a9500000, 0x00000000a9500000, 0x00000000a9600000|  0%| F|  |TAMS 0x00000000a9500000, 0x00000000a9500000| Untracked 
|  76|0x00000000a9600000, 0x00000000a9600000, 0x00000000a9700000|  0%| F|  |TAMS 0x00000000a9600000, 0x00000000a9600000| Untracked 
|  77|0x00000000a9700000, 0x00000000a9700000, 0x00000000a9800000|  0%| F|  |TAMS 0x00000000a9700000, 0x00000000a9700000| Untracked 
|  78|0x00000000a9800000, 0x00000000a9800000, 0x00000000a9900000|  0%| F|  |TAMS 0x00000000a9800000, 0x00000000a9800000| Untracked 
|  79|0x00000000a9900000, 0x00000000a9900000, 0x00000000a9a00000|  0%| F|  |TAMS 0x00000000a9900000, 0x00000000a9900000| Untracked 
|  80|0x00000000a9a00000, 0x00000000a9a00000, 0x00000000a9b00000|  0%| F|  |TAMS 0x00000000a9a00000, 0x00000000a9a00000| Untracked 
|  81|0x00000000a9b00000, 0x00000000a9b00000, 0x00000000a9c00000|  0%| F|  |TAMS 0x00000000a9b00000, 0x00000000a9b00000| Untracked 
|  82|0x00000000a9c00000, 0x00000000a9c00000, 0x00000000a9d00000|  0%| F|  |TAMS 0x00000000a9c00000, 0x00000000a9c00000| Untracked 
|  83|0x00000000a9d00000, 0x00000000a9d00000, 0x00000000a9e00000|  0%| F|  |TAMS 0x00000000a9d00000, 0x00000000a9d00000| Untracked 
|  84|0x00000000a9e00000, 0x00000000a9e00000, 0x00000000a9f00000|  0%| F|  |TAMS 0x00000000a9e00000, 0x00000000a9e00000| Untracked 
|  85|0x00000000a9f00000, 0x00000000a9f00000, 0x00000000aa000000|  0%| F|  |TAMS 0x00000000a9f00000, 0x00000000a9f00000| Untracked 
|  86|0x00000000aa000000, 0x00000000aa000000, 0x00000000aa100000|  0%| F|  |TAMS 0x00000000aa000000, 0x00000000aa000000| Untracked 
|  87|0x00000000aa100000, 0x00000000aa100000, 0x00000000aa200000|  0%| F|  |TAMS 0x00000000aa100000, 0x00000000aa100000| Untracked 
|  88|0x00000000aa200000, 0x00000000aa200000, 0x00000000aa300000|  0%| F|  |TAMS 0x00000000aa200000, 0x00000000aa200000| Untracked 
|  89|0x00000000aa300000, 0x00000000aa300000, 0x00000000aa400000|  0%| F|  |TAMS 0x00000000aa300000, 0x00000000aa300000| Untracked 
|  90|0x00000000aa400000, 0x00000000aa400000, 0x00000000aa500000|  0%| F|  |TAMS 0x00000000aa400000, 0x00000000aa400000| Untracked 
|  91|0x00000000aa500000, 0x00000000aa500000, 0x00000000aa600000|  0%| F|  |TAMS 0x00000000aa500000, 0x00000000aa500000| Untracked 

Card table byte_map: [0x000001ebaaf10000,0x000001ebab1f0000] _byte_map_base: 0x000001ebaa9eb000

Marking Bits (Prev, Next): (CMBitMap*) 0x000001eb9491dfc8, (CMBitMap*) 0x000001eb9491e000
 Prev Bits: [0x000001ebab4d0000, 0x000001ebacba8000)
 Next Bits: [0x000001ebacbb0000, 0x000001ebae288000)

Polling page: 0x000001eb92860000

Metaspace:

Usage:
  Non-class:     16.81 MB capacity,    16.44 MB ( 98%) used,   312.95 KB (  2%) free+waste,    66.50 KB ( <1%) overhead. 
      Class:      2.49 MB capacity,     2.21 MB ( 89%) used,   246.51 KB ( 10%) free+waste,    35.81 KB (  1%) overhead. 
       Both:     19.30 MB capacity,    18.65 MB ( 97%) used,   559.46 KB (  3%) free+waste,   102.31 KB ( <1%) overhead. 

Virtual space:
  Non-class space:       18.00 MB reserved,      17.00 MB ( 94%) committed 
      Class space:        1.00 GB reserved,       2.50 MB ( <1%) committed 
             Both:        1.02 GB reserved,      19.50 MB (  2%) committed 

Chunk freelists:
   Non-Class:  0 bytes
       Class:  1.75 KB
        Both:  1.75 KB

CodeHeap 'non-profiled nmethods': size=239488Kb used=2694Kb max_used=2694Kb free=236794Kb
 bounds [0x000001eb9c530000, 0x000001eb9c7e0000, 0x000001ebaaf10000]
CodeHeap 'non-nmethods': size=6272Kb used=1129Kb max_used=1129Kb free=5142Kb
 bounds [0x000001eb9bf10000, 0x000001eb9c180000, 0x000001eb9c530000]
 total_blobs=2395 nmethods=1935 adapters=387
 compilation: enabled
              stopped_count=0, restarted_count=0
 full_count=0

Compilation events (10 events):
Event: 4.763 Thread 0x000001ebb05a0000 1931       1       java.lang.ClassLoader::addClass (9 bytes)
Event: 4.763 Thread 0x000001ebb05a0000 nmethod 1931 0x000001eb9c7d0190 code [0x000001eb9c7d0360, 0x000001eb9c7d07b8]
Event: 4.763 Thread 0x000001ebb05a0000 1932       1       jdk.internal.org.objectweb.asm.MethodVisitor::visitMethodInsn (68 bytes)
Event: 4.764 Thread 0x000001ebb05a0000 nmethod 1932 0x000001eb9c7d0a90 code [0x000001eb9c7d0c40, 0x000001eb9c7d0e28]
Event: 4.764 Thread 0x000001ebb05a0000 1933       1       jdk.internal.org.objectweb.asm.MethodVisitor::visitMaxs (17 bytes)
Event: 4.764 Thread 0x000001ebb05a0000 nmethod 1933 0x000001eb9c7d0f10 code [0x000001eb9c7d10a0, 0x000001eb9c7d1188]
Event: 4.764 Thread 0x000001ebb05a0000 1934       1       jdk.internal.org.objectweb.asm.MethodVisitor::visitEnd (15 bytes)
Event: 4.764 Thread 0x000001ebb05a0000 nmethod 1934 0x000001eb9c7d1210 code [0x000001eb9c7d13a0, 0x000001eb9c7d1488]
Event: 4.767 Thread 0x000001ebb05a0000 1935       1       java.security.PermissionCollection::isReadOnly (5 bytes)
Event: 4.767 Thread 0x000001ebb05a0000 nmethod 1935 0x000001eb9c7d1510 code [0x000001eb9c7d16a0, 0x000001eb9c7d1758]

GC Heap History (9 events):
Event: 1.323 GC heap before
{Heap before GC invocations=0 (full 0):
 garbage-first heap   total 94208K, used 7168K [0x00000000a4a00000, 0x0000000100000000)
  region size 1024K, 7 young (7168K), 0 survivors (0K)
 Metaspace       used 7749K, capacity 7846K, committed 8064K, reserved 1056768K
  class space    used 736K, capacity 785K, committed 896K, reserved 1048576K
}
Event: 1.345 GC heap after
{Heap after GC invocations=1 (full 0):
 garbage-first heap   total 94208K, used 4903K [0x00000000a4a00000, 0x0000000100000000)
  region size 1024K, 1 young (1024K), 1 survivors (1024K)
 Metaspace       used 7749K, capacity 7846K, committed 8064K, reserved 1056768K
  class space    used 736K, capacity 785K, committed 896K, reserved 1048576K
}
Event: 1.633 GC heap before
{Heap before GC invocations=1 (full 0):
 garbage-first heap   total 94208K, used 7975K [0x00000000a4a00000, 0x0000000100000000)
  region size 1024K, 4 young (4096K), 1 survivors (1024K)
 Metaspace       used 9736K, capacity 9897K, committed 10112K, reserved 1058816K
  class space    used 1004K, capacity 1067K, committed 1152K, reserved 1048576K
}
Event: 1.640 GC heap after
{Heap after GC invocations=2 (full 0):
 garbage-first heap   total 94208K, used 5548K [0x00000000a4a00000, 0x0000000100000000)
  region size 1024K, 1 young (1024K), 1 survivors (1024K)
 Metaspace       used 9736K, capacity 9897K, committed 10112K, reserved 1058816K
  class space    used 1004K, capacity 1067K, committed 1152K, reserved 1048576K
}
Event: 2.829 GC heap before
{Heap before GC invocations=2 (full 0):
 garbage-first heap   total 94208K, used 15788K [0x00000000a4a00000, 0x0000000100000000)
  region size 1024K, 11 young (11264K), 1 survivors (1024K)
 Metaspace       used 13688K, capacity 14024K, committed 14208K, reserved 1062912K
  class space    used 1460K, capacity 1601K, committed 1664K, reserved 1048576K
}
Event: 2.837 GC heap after
{Heap after GC invocations=3 (full 0):
 garbage-first heap   total 94208K, used 6927K [0x00000000a4a00000, 0x0000000100000000)
  region size 1024K, 2 young (2048K), 2 survivors (2048K)
 Metaspace       used 13688K, capacity 14024K, committed 14208K, reserved 1062912K
  class space    used 1460K, capacity 1601K, committed 1664K, reserved 1048576K
}
Event: 3.461 GC heap before
{Heap before GC invocations=3 (full 0):
 garbage-first heap   total 94208K, used 21263K [0x00000000a4a00000, 0x0000000100000000)
  region size 1024K, 16 young (16384K), 2 survivors (2048K)
 Metaspace       used 15602K, capacity 16058K, committed 16384K, reserved 1062912K
  class space    used 1748K, capacity 1940K, committed 2048K, reserved 1048576K
}
Event: 3.470 GC heap after
{Heap after GC invocations=4 (full 0):
 garbage-first heap   total 94208K, used 7642K [0x00000000a4a00000, 0x0000000100000000)
  region size 1024K, 1 young (1024K), 1 survivors (1024K)
 Metaspace       used 15602K, capacity 16058K, committed 16384K, reserved 1062912K
  class space    used 1748K, capacity 1940K, committed 2048K, reserved 1048576K
}
Event: 4.770 GC heap before
{Heap before GC invocations=4 (full 0):
 garbage-first heap   total 94208K, used 29146K [0x00000000a4a00000, 0x0000000100000000)
  region size 1024K, 22 young (22528K), 1 survivors (1024K)
 Metaspace       used 19100K, capacity 19762K, committed 19968K, reserved 1067008K
  class space    used 2263K, capacity 2546K, committed 2560K, reserved 1048576K
}

Deoptimization events (0 events):
No events

Classes redefined (0 events):
No events

Internal exceptions (10 events):
Event: 4.097 Thread 0x000001eb948ec000 Exception <a 'java/lang/NoSuchMethodError'{0x00000000a9b1b9f0}: java.lang.invoke.DirectMethodHandle$Holder.invokeStatic(Ljava/lang/Object;ILjava/lang/Object;)Ljava/lang/Object;> (0x00000000a9b1b9f0) thrown at [./open/src/hotspot/share/interpreter/linkReso
Event: 4.097 Thread 0x000001eb948ec000 Exception <a 'java/lang/NoSuchMethodError'{0x00000000a9b1f000}: java.lang.invoke.DirectMethodHandle$Holder.invokeSpecialIFC(Ljava/lang/Object;Ljava/lang/Object;Ljava/lang/Object;Ljava/lang/Object;)I> (0x00000000a9b1f000) thrown at [./open/src/hotspot/shar
Event: 4.357 Thread 0x000001eb948ec000 Exception <a 'java/lang/NoSuchMethodError'{0x00000000a99a0340}: java.lang.invoke.DirectMethodHandle$Holder.invokeSpecialIFC(Ljava/lang/Object;Ljava/lang/Object;I)I> (0x00000000a99a0340) thrown at [./open/src/hotspot/share/interpreter/linkResolver.cpp, lin
Event: 4.416 Thread 0x000001eb948ec000 Exception <a 'java/lang/NoSuchMethodError'{0x00000000a981a840}: java.lang.invoke.DirectMethodHandle$Holder.invokeStatic(Ljava/lang/Object;Ljava/lang/Object;I)V> (0x00000000a981a840) thrown at [./open/src/hotspot/share/interpreter/linkResolver.cpp, line 77
Event: 4.419 Thread 0x000001eb948ec000 Exception <a 'java/lang/NoSuchMethodError'{0x00000000a9821d98}: java.lang.invoke.DirectMethodHandle$Holder.invokeStaticInit(Ljava/lang/Object;Ljava/lang/Object;)V> (0x00000000a9821d98) thrown at [./open/src/hotspot/share/interpreter/linkResolver.cpp, line
Event: 4.426 Thread 0x000001eb948ec000 Exception <a 'java/lang/NoSuchMethodError'{0x00000000a9846e08}: java.lang.invoke.DirectMethodHandle$Holder.invokeStaticInit(Ljava/lang/Object;Ljava/lang/Object;Ljava/lang/Object;)V> (0x00000000a9846e08) thrown at [./open/src/hotspot/share/interpreter/link
Event: 4.470 Thread 0x000001ebb1639000 Exception <a 'java/lang/reflect/InvocationTargetException'{0x00000000a9d164f0}> (0x00000000a9d164f0) thrown at [./open/src/hotspot/share/runtime/reflection.cpp, line 1242]
Event: 4.487 Thread 0x000001eb948ec000 Exception <a 'java/lang/NoSuchMethodError'{0x00000000a9739080}: java.lang.invoke.DirectMethodHandle$Holder.invokeVirtual(Ljava/lang/Object;Ljava/lang/Object;Ljava/lang/Object;Ljava/lang/Object;)V> (0x00000000a9739080) thrown at [./open/src/hotspot/share/i
Event: 4.647 Thread 0x000001eb948ec000 Exception <a 'java/lang/NoSuchMethodError'{0x00000000a949a508}: java.lang.invoke.DirectMethodHandle$Holder.invokeSpecial(Ljava/lang/Object;Ljava/lang/Object;Ljava/lang/Object;Ljava/lang/Object;Ljava/lang/Object;)V> (0x00000000a949a508) thrown at [./open/s
Event: 4.748 Thread 0x000001ebb1aac800 Exception <a 'java/lang/NoClassDefFoundError'{0x00000000a9107368}: javax/validation/Validation> (0x00000000a9107368) thrown at [./open/src/hotspot/share/classfile/systemDictionary.cpp, line 216]

Events (10 events):
Event: 4.767 loading class javax/persistence/EntityManagerFactory done
Event: 4.767 Executing VM operation: RevokeBias
Event: 4.767 Executing VM operation: RevokeBias done
Event: 4.767 loading class com/fasterxml/jackson/databind/ObjectMapper
Event: 4.767 loading class com/fasterxml/jackson/databind/ObjectMapper done
Event: 4.768 loading class org/springframework/orm/jpa/support/PersistenceAnnotationBeanPostProcessor
Event: 4.768 loading class org/springframework/orm/jpa/support/PersistenceAnnotationBeanPostProcessor done
Event: 4.768 Executing VM operation: BulkRevokeBias
Event: 4.769 Executing VM operation: BulkRevokeBias done
Event: 4.770 Executing VM operation: G1CollectForAllocation


Dynamic libraries:
0x00007ff7aebb0000 - 0x00007ff7aebbf000 	C:\Program Files\Java\jdk-11.0.13\bin\java.exe
0x00007ffb7f0e0000 - 0x00007ffb7f2ee000 	C:\WINDOWS\SYSTEM32\ntdll.dll
0x00007ffb7df90000 - 0x00007ffb7e04d000 	C:\WINDOWS\System32\KERNEL32.DLL
0x00007ffb7cb20000 - 0x00007ffb7cea3000 	C:\WINDOWS\System32\KERNELBASE.dll
0x00007ffb7c5b0000 - 0x00007ffb7c6c1000 	C:\WINDOWS\System32\ucrtbase.dll
0x00007ffb6f940000 - 0x00007ffb6f958000 	C:\Program Files\Java\jdk-11.0.13\bin\jli.dll
0x00007ffb7d340000 - 0x00007ffb7d3ef000 	C:\WINDOWS\System32\ADVAPI32.dll
0x00007ffb7efe0000 - 0x00007ffb7f084000 	C:\WINDOWS\System32\msvcrt.dll
0x00007ffb7d5e0000 - 0x00007ffb7d67f000 	C:\WINDOWS\System32\sechost.dll
0x00007ffb7d220000 - 0x00007ffb7d340000 	C:\WINDOWS\System32\RPCRT4.dll
0x00007ffb7ddb0000 - 0x00007ffb7df5b000 	C:\WINDOWS\System32\USER32.dll
0x00007ffb7cf40000 - 0x00007ffb7cf66000 	C:\WINDOWS\System32\win32u.dll
0x00007ffb7d940000 - 0x00007ffb7d969000 	C:\WINDOWS\System32\GDI32.dll
0x00007ffb7c770000 - 0x00007ffb7c887000 	C:\WINDOWS\System32\gdi32full.dll
0x00007ffb7c6d0000 - 0x00007ffb7c76b000 	C:\WINDOWS\System32\msvcp_win.dll
0x00007ffb6a250000 - 0x00007ffb6a4f2000 	C:\WINDOWS\WinSxS\amd64_microsoft.windows.common-controls_6595b64144ccf1df_6.0.22454.1000_none_246f0f3ec589a054\COMCTL32.dll
0x00007ffb6e5d0000 - 0x00007ffb6e5da000 	C:\WINDOWS\SYSTEM32\VERSION.dll
0x00007ffb6f920000 - 0x00007ffb6f935000 	C:\Program Files\Java\jdk-11.0.13\bin\VCRUNTIME140.dll
0x00007ffb7d1e0000 - 0x00007ffb7d211000 	C:\WINDOWS\System32\IMM32.DLL
0x00007ffb6f880000 - 0x00007ffb6f91b000 	C:\Program Files\Java\jdk-11.0.13\bin\msvcp140.dll
0x00007ffb424c0000 - 0x00007ffb42fd3000 	C:\Program Files\Java\jdk-11.0.13\bin\server\jvm.dll
0x00007ffb7d5d0000 - 0x00007ffb7d5d8000 	C:\WINDOWS\System32\PSAPI.DLL
0x00007ffb6c870000 - 0x00007ffb6c879000 	C:\WINDOWS\SYSTEM32\WSOCK32.dll
0x00007ffb7ef60000 - 0x00007ffb7efd1000 	C:\WINDOWS\System32\WS2_32.dll
0x00007ffb774f0000 - 0x00007ffb77523000 	C:\WINDOWS\SYSTEM32\WINMM.dll
0x00007ffb7b6a0000 - 0x00007ffb7b6b8000 	C:\WINDOWS\SYSTEM32\kernel.appcore.dll
0x00007ffb70c30000 - 0x00007ffb70c40000 	C:\Program Files\Java\jdk-11.0.13\bin\verify.dll
0x00007ffb6b800000 - 0x00007ffb6ba27000 	C:\WINDOWS\SYSTEM32\DBGHELP.DLL
0x00007ffb7d9d0000 - 0x00007ffb7dd4b000 	C:\WINDOWS\System32\combase.dll
0x00007ffb6b7c0000 - 0x00007ffb6b7f1000 	C:\WINDOWS\SYSTEM32\dbgcore.DLL
0x00007ffb7ceb0000 - 0x00007ffb7cf31000 	C:\WINDOWS\System32\bcryptPrimitives.dll
0x00007ffb6f850000 - 0x00007ffb6f878000 	C:\Program Files\Java\jdk-11.0.13\bin\java.dll
0x00007ffb6f840000 - 0x00007ffb6f84a000 	C:\Program Files\Java\jdk-11.0.13\bin\jimage.dll
0x00007ffb6f810000 - 0x00007ffb6f81e000 	C:\Program Files\Java\jdk-11.0.13\bin\instrument.dll
0x00007ffb6f820000 - 0x00007ffb6f836000 	C:\Program Files\Java\jdk-11.0.13\bin\zip.dll
0x00007ffb7e050000 - 0x00007ffb7e7fb000 	C:\WINDOWS\System32\SHELL32.dll
0x00007ffb7a730000 - 0x00007ffb7af90000 	C:\WINDOWS\SYSTEM32\windows.storage.dll
0x00007ffb7a5c0000 - 0x00007ffb7a728000 	C:\WINDOWS\SYSTEM32\wintypes.dll
0x00007ffb7d3f0000 - 0x00007ffb7d4df000 	C:\WINDOWS\System32\SHCORE.dll
0x00007ffb7d970000 - 0x00007ffb7d9cb000 	C:\WINDOWS\System32\shlwapi.dll
0x00007ffb7c4e0000 - 0x00007ffb7c501000 	C:\WINDOWS\SYSTEM32\profapi.dll
0x00007ffb6f7f0000 - 0x00007ffb6f809000 	C:\Program Files\Java\jdk-11.0.13\bin\net.dll
0x00007ffb752a0000 - 0x00007ffb753af000 	C:\WINDOWS\SYSTEM32\WINHTTP.dll
0x00007ffb7bad0000 - 0x00007ffb7bb38000 	C:\WINDOWS\system32\mswsock.dll
0x00007ffb6c320000 - 0x00007ffb6c332000 	C:\Program Files\Java\jdk-11.0.13\bin\nio.dll
0x00007ffb6c250000 - 0x00007ffb6c26a000 	C:\Program Files\JetBrains\IntelliJ IDEA 2021.3.1\bin\breakgen64.dll
0x00007ffb7b1f0000 - 0x00007ffb7b2de000 	C:\WINDOWS\SYSTEM32\DNSAPI.dll
0x00007ffb7b1c0000 - 0x00007ffb7b1ed000 	C:\WINDOWS\SYSTEM32\IPHLPAPI.DLL
0x00007ffb7f090000 - 0x00007ffb7f099000 	C:\WINDOWS\System32\NSI.dll
0x00007ffb6f6d0000 - 0x00007ffb6f6da000 	C:\Windows\System32\rasadhlp.dll
0x00007ffb70380000 - 0x00007ffb70401000 	C:\WINDOWS\System32\fwpuclnt.dll
0x00007ffb6f7e0000 - 0x00007ffb6f7e9000 	C:\Program Files\Java\jdk-11.0.13\bin\management.dll
0x00007ffb6e590000 - 0x00007ffb6e59b000 	C:\Program Files\Java\jdk-11.0.13\bin\management_ext.dll
0x00007ffb7bd20000 - 0x00007ffb7bd38000 	C:\WINDOWS\SYSTEM32\CRYPTSP.dll
0x00007ffb7b600000 - 0x00007ffb7b635000 	C:\WINDOWS\system32\rsaenh.dll
0x00007ffb7bbd0000 - 0x00007ffb7bbf9000 	C:\WINDOWS\SYSTEM32\USERENV.dll
0x00007ffb7bea0000 - 0x00007ffb7bec8000 	C:\WINDOWS\SYSTEM32\bcrypt.dll
0x00007ffb7bd40000 - 0x00007ffb7bd4c000 	C:\WINDOWS\SYSTEM32\CRYPTBASE.dll
0x00007ffb75960000 - 0x00007ffb75979000 	C:\WINDOWS\SYSTEM32\dhcpcsvc6.DLL
0x00007ffb75280000 - 0x00007ffb7529e000 	C:\WINDOWS\SYSTEM32\dhcpcsvc.DLL
0x00007ffb53f80000 - 0x00007ffb53f97000 	C:\WINDOWS\system32\napinsp.dll
0x00007ffb53c90000 - 0x00007ffb53cab000 	C:\WINDOWS\system32\pnrpnsp.dll
0x00007ffb53c70000 - 0x00007ffb53c82000 	C:\WINDOWS\System32\winrnr.dll
0x00007ffb53760000 - 0x00007ffb53780000 	C:\WINDOWS\system32\nlansp_c.dll
0x00007ffb59670000 - 0x00007ffb59685000 	C:\WINDOWS\system32\wshbth.dll

dbghelp: loaded successfully - version: 4.0.5 - missing functions: none
symbol engine: initialized successfully - sym options: 0x614 - pdb path: .;C:\Program Files\Java\jdk-11.0.13\bin;C:\WINDOWS\SYSTEM32;C:\WINDOWS\WinSxS\amd64_microsoft.windows.common-controls_6595b64144ccf1df_6.0.22454.1000_none_246f0f3ec589a054;C:\Program Files\Java\jdk-11.0.13\bin\server;C:\Program Files\JetBrains\IntelliJ IDEA 2021.3.1\bin

VM Arguments:
jvm_args: -XX:TieredStopAtLevel=1 -Xverify:none -Dspring.output.ansi.enabled=always -Dcom.sun.management.jmxremote -Dspring.jmx.enabled=true -Dspring.liveBeansView.mbeanDomain -Dspring.application.admin.enabled=true -javaagent:C:\Program Files\JetBrains\IntelliJ IDEA 2021.3.1\lib\idea_rt.jar=50735:C:\Program Files\JetBrains\IntelliJ IDEA 2021.3.1\bin -Dfile.encoding=UTF-8 
java_command: com.example.demo.DemoApplication
java_class_path (initial): C:\Users\SHADRECK\Desktop\demo\demo\target\classes;C:\Users\SHADRECK\.m2\repository\org\springframework\boot\spring-boot-starter-data-jpa\2.6.2\spring-boot-starter-data-jpa-2.6.2.jar;C:\Users\SHADRECK\.m2\repository\org\springframework\boot\spring-boot-starter-aop\2.6.2\spring-boot-starter-aop-2.6.2.jar;C:\Users\SHADRECK\.m2\repository\org\springframework\spring-aop\5.3.14\spring-aop-5.3.14.jar;C:\Users\SHADRECK\.m2\repository\org\aspectj\aspectjweaver\1.9.7\aspectjweaver-1.9.7.jar;C:\Users\SHADRECK\.m2\repository\org\springframework\boot\spring-boot-starter-jdbc\2.6.2\spring-boot-starter-jdbc-2.6.2.jar;C:\Users\SHADRECK\.m2\repository\com\zaxxer\HikariCP\4.0.3\HikariCP-4.0.3.jar;C:\Users\SHADRECK\.m2\repository\org\springframework\spring-jdbc\5.3.14\spring-jdbc-5.3.14.jar;C:\Users\SHADRECK\.m2\repository\jakarta\transaction\jakarta.transaction-api\1.3.3\jakarta.transaction-api-1.3.3.jar;C:\Users\SHADRECK\.m2\repository\jakarta\persistence\jakarta.persistence-api\2.2.3\jakarta.persistence-api-2.2.3.jar;C:\Users\SHADRECK\.m2\repository\org\hibernate\hibernate-core\5.6.3.Final\hibernate-core-5.6.3.Final.jar;C:\Users\SHADRECK\.m2\repository\org\jboss\logging\jboss-logging\3.4.2.Final\jboss-logging-3.4.2.Final.jar;C:\Users\SHADRECK\.m2\repository\net\bytebuddy\byte-buddy\1.11.22\byte-buddy-1.11.22.jar;C:\Users\SHADRECK\.m2\repository\antlr\antlr\2.7.7\antlr-2.7.7.jar;C:\Users\SHADRECK\.m2\repository\org\jboss\jandex\2.2.3.Final\jandex-2.2.3.Final.jar;C:\Users\SHADRECK\.m2\repository\com\fasterxml\classmate\1.5.1\classmate-1.5.1.jar;C:\Users\SHADRECK\.m2\repository\org\hibernate\common\hibernate-commons-annotations\5.1.2.Final\hibernate-commons-annotations-5.1.2.Final.jar;C:\Users\SHADRECK\.m2\repository\org\glassfish\jaxb\jaxb-runtime\2.3.5\jaxb-runtime-2.3.5.jar;C:\Users\SHADRECK\.m2\repository\org\glassfish\jaxb\txw2\2.3.5\txw2-2.3.5.jar;C:\Users\SHADRECK\.m2\repository\com\sun\istack\istack-commons-runtime\3.0.12\istack-commons-runtime-3.
Launcher Type: SUN_STANDARD

[Global flags]
     bool BytecodeVerificationLocal                = false                                     {product} {command line}
     bool BytecodeVerificationRemote               = false                                     {product} {command line}
     intx CICompilerCount                          = 2                                         {product} {ergonomic}
     uint ConcGCThreads                            = 1                                         {product} {ergonomic}
     uint G1ConcRefinementThreads                  = 2                                         {product} {ergonomic}
   size_t G1HeapRegionSize                         = 1048576                                   {product} {ergonomic}
    uintx GCDrainStackTargetSize                   = 64                                        {product} {ergonomic}
   size_t InitialHeapSize                          = 96468992                                  {product} {ergonomic}
     bool ManagementServer                         = true                                      {product} {command line}
   size_t MarkStackSize                            = 4194304                                   {product} {ergonomic}
   size_t MaxHeapSize                              = 1533018112                                {product} {ergonomic}
   size_t MaxNewSize                               = 919601152                                 {product} {ergonomic}
   size_t MinHeapDeltaBytes                        = 1048576                                   {product} {ergonomic}
    uintx NonNMethodCodeHeapSize                   = 6396312                                {pd product} {ergonomic}
    uintx NonProfiledCodeHeapSize                  = 245261928                              {pd product} {ergonomic}
    uintx ProfiledCodeHeapSize                     = 0                                      {pd product} {ergonomic}
    uintx ReservedCodeCacheSize                    = 251658240                              {pd product} {ergonomic}
     bool SegmentedCodeCache                       = true                                      {product} {ergonomic}
     intx TieredStopAtLevel                        = 1                                         {product} {command line}
     bool UseCompressedClassPointers               = true                                 {lp64_product} {ergonomic}
     bool UseCompressedOops                        = true                                 {lp64_product} {ergonomic}
     bool UseG1GC                                  = true                                      {product} {ergonomic}
     bool UseLargePagesIndividualAllocation        = false                                  {pd product} {ergonomic}

Logging:
Log output configuration:
 #0: stdout all=warning uptime,level,tags
 #1: stderr all=off uptime,level,tags

Environment Variables:
PATH=C:\Program Files\Common Files\Oracle\Java\javapath;C:\Program Files (x86)\Common Files\Oracle\Java\javapath;C:\WINDOWS\system32;C:\WINDOWS;C:\WINDOWS\System32\Wbem;C:\WINDOWS\System32\WindowsPowerShell\v1.0\;C:\WINDOWS\System32\OpenSSH\;C:\Program Files\Polyspace\R2021a\bin;C:\Program Files\dotnet\;C:\Program Files\Java\jdk-11.0.13\bin;C:\Program Files\Git\cmd;C:\Program Files\Java\jre7\bin;%USERPROFILE%\AppData\Local\Microsoft\WindowsApps;
USERNAME=SHADRECK
OS=Windows_NT
PROCESSOR_IDENTIFIER=Intel64 Family 6 Model 42 Stepping 7, GenuineIntel



---------------  S Y S T E M  ---------------

OS: Windows 10 , 64 bit Build 22454 (10.0.22454.1000)

CPU:total 2 (initial active 2) (2 cores per cpu, 1 threads per core) family 6 model 42 stepping 7 microcode 0x2f, cmov, cx8, fxsr, mmx, sse, sse2, sse3, ssse3, sse4.1, sse4.2, popcnt, clmul, tsc, tscinvbit

Memory: 4k page, system-wide physical 5843M (831M free)
TotalPageFile size 6355M (AvailPageFile size 14M)
current process WorkingSet (physical memory assigned to process): 87M, peak: 87M
current process commit charge ("private bytes"): 177M, peak: 196M

vm_info: Java HotSpot(TM) 64-Bit Server VM (11.0.13+10-LTS-370) for windows-amd64 JRE (11.0.13+10-LTS-370), built on Sep 15 2021 22:10:36 by "mach5one" with MS VC++ 15.9 (VS2017)

END.
